
> vibe-generated-app@1.0.0 dev
> vite


  VITE v5.4.20  ready in 218 ms

  ➜  Local:   http://localhost:3000/
  ➜  Network: http://172.20.1.230:3000/
10:36:08 AM [vite] Pre-transform error: Transform failed with 1 error:
/home/workspace/src/components/Hero.jsx:55:6: ERROR: Expected ";" but found "as"
10:36:10 AM [vite] Internal server error: Transform failed with 1 error:
/home/workspace/src/components/Hero.jsx:55:6: ERROR: Expected ";" but found "as"
  Plugin: vite:esbuild
  File: /home/workspace/src/components/Hero.jsx:55:6
  
  Expected ";" but found "as"
  53 |        willChange: 'transform',
  54 |        transition: 'transform 60ms linear',
  55 |      } as React.CSSProperties;
     |        ^
  56 |    }, [scrollY, pointer.x, pointer.y]);
  57 |  
  
      at failureErrorWithLog (/home/workspace/node_modules/esbuild/lib/main.js:1472:15)
      at /home/workspace/node_modules/esbuild/lib/main.js:755:50
      at responseCallbacks.<computed> (/home/workspace/node_modules/esbuild/lib/main.js:622:9)
      at handleIncomingPacket (/home/workspace/node_modules/esbuild/lib/main.js:677:12)
      at Socket.readFromStdout (/home/workspace/node_modules/esbuild/lib/main.js:600:7)
      at Socket.emit (node:events:508:28)
      at addChunk (node:internal/streams/readable:559:12)
      at readableAddChunkPushByteMode (node:internal/streams/readable:510:3)
      at Readable.push (node:internal/streams/readable:390:5)
      at Pipe.onStreamRead (node:internal/stream_base_commons:189:23)
